<?xml version="1.0" encoding="UTF-8"?>
<!-- Generated by org.testng.reporters.JUnitXMLReporter -->
<testsuite ignored="0" hostname="LTIN192698" failures="0" tests="6" name="Chrome Test" time="105.577" errors="0" timestamp="2024-02-28T16:44:45 IST">
  <testcase classname="testCase.TC_Display_Bookshelves" name="search_Bookshelves" time="7.227"/>
  <testcase classname="testCase.TC_Display_Bookshelves" name="select_filters" time="8.549"/>
  <testcase classname="testCase.TC_Display_Bookshelves" name="display_data" time="3.013"/>
  <testcase classname="testCase.TC_Display_Bookshelves" name="menu_items" time="13.68"/>
  <testcase classname="testCase.TC_Display_Bookshelves" name="gift_card" time="5.585"/>
  <testcase classname="testCase.TC_Display_Bookshelves" name="fill_address" time="8.788"/>
</testsuite> <!-- Chrome Test -->
