<?xml version="1.0" encoding="UTF-8"?>
<!-- Generated by org.testng.reporters.JUnitXMLReporter -->
<testsuite ignored="2" hostname="LTIN192698" failures="0" tests="4" name="Test" time="39.598" errors="0" timestamp="2024-02-27T14:28:01 IST">
  <testcase classname="testCase.TC_Display_Bookshelves" name="scroll_to_Bookshelves" time="6.351"/>
  <testcase classname="testCase.TC_Display_Bookshelves" name="select_filters" time="7.352"/>
  <testcase classname="testCase.TC_Display_Bookshelves" name="display_data" time="1.682"/>
  <testcase classname="testCase.TC_Display_Bookshelves" name="menu_items" time="12.175"/>
  <testcase classname="testCase.TC_Display_Bookshelves" name="fill_address" time="0.0">
    <ignored/>
  </testcase> <!-- fill_address -->
  <testcase classname="testCase.TC_Display_Bookshelves" name="gift_card" time="0.0">
    <ignored/>
  </testcase> <!-- gift_card -->
</testsuite> <!-- Test -->
